[0.124s] DEBUG:colcon:Command line arguments: ['/usr/bin/colcon', 'list', '-p', '--base-paths', '/home/nmnguyen/team13_proj2']
[0.125s] DEBUG:colcon:Parsed command line arguments: Namespace(base_paths=['/home/nmnguyen/team13_proj2'], build_base='build', ignore_user_meta=False, log_base=None, log_level=None, main=<bound method ListVerb.main of <colcon_package_information.verb.list.ListVerb object at 0x7f3e2520d520>>, metas=['./colcon.meta'], names_only=False, packages_above=None, packages_above_and_dependencies=None, packages_above_depth=None, packages_end=None, packages_ignore=None, packages_ignore_regex=None, packages_select=None, packages_select_build_failed=False, packages_select_by_dep=None, packages_select_regex=None, packages_select_test_failures=False, packages_skip=None, packages_skip_build_finished=False, packages_skip_by_dep=None, packages_skip_regex=None, packages_skip_test_passed=False, packages_skip_up_to=None, packages_start=None, packages_up_to=None, packages_up_to_regex=None, paths=None, paths_only=True, topological_graph=False, topological_graph_density=False, topological_graph_dot=False, topological_graph_dot_cluster=False, topological_graph_dot_include_skipped=False, topological_graph_legend=False, topological_order=False, verb_extension=<colcon_package_information.verb.list.ListVerb object at 0x7f3e2520d520>, verb_name='list', verb_parser=<colcon_defaults.argument_parser.defaults.DefaultArgumentsDecorator object at 0x7f3e25184400>)
[0.150s] Level 1:colcon.colcon_core.package_discovery:discover_packages(colcon_meta) check parameters
[0.150s] Level 1:colcon.colcon_core.package_discovery:discover_packages(recursive) check parameters
[0.150s] Level 1:colcon.colcon_core.package_discovery:discover_packages(ignore) check parameters
[0.150s] Level 1:colcon.colcon_core.package_discovery:discover_packages(path) check parameters
[0.150s] Level 1:colcon.colcon_core.package_discovery:discover_packages(recursive) discover
[0.150s] INFO:colcon.colcon_core.package_discovery:Crawling recursively for packages in '/home/nmnguyen/team13_proj2'
[0.150s] Level 1:colcon.colcon_core.package_identification:_identify(/home/nmnguyen/team13_proj2) by extensions ['ignore', 'ignore_ament_install']
[0.150s] Level 1:colcon.colcon_core.package_identification:_identify(/home/nmnguyen/team13_proj2) by extension 'ignore'
[0.150s] Level 1:colcon.colcon_core.package_identification:_identify(/home/nmnguyen/team13_proj2) by extension 'ignore_ament_install'
[0.150s] Level 1:colcon.colcon_core.package_identification:_identify(/home/nmnguyen/team13_proj2) by extensions ['colcon_pkg']
[0.151s] Level 1:colcon.colcon_core.package_identification:_identify(/home/nmnguyen/team13_proj2) by extension 'colcon_pkg'
[0.151s] Level 1:colcon.colcon_core.package_identification:_identify(/home/nmnguyen/team13_proj2) by extensions ['colcon_meta']
[0.151s] Level 1:colcon.colcon_core.package_identification:_identify(/home/nmnguyen/team13_proj2) by extension 'colcon_meta'
[0.151s] Level 1:colcon.colcon_core.package_identification:_identify(/home/nmnguyen/team13_proj2) by extensions ['ros']
[0.151s] Level 1:colcon.colcon_core.package_identification:_identify(/home/nmnguyen/team13_proj2) by extension 'ros'
[0.162s] Level 1:colcon.colcon_core.package_identification:_identify(/home/nmnguyen/team13_proj2) by extensions ['cmake', 'python']
[0.162s] Level 1:colcon.colcon_core.package_identification:_identify(/home/nmnguyen/team13_proj2) by extension 'cmake'
[0.162s] Level 1:colcon.colcon_core.package_identification:_identify(/home/nmnguyen/team13_proj2) by extension 'python'
[0.162s] Level 1:colcon.colcon_core.package_identification:_identify(/home/nmnguyen/team13_proj2) by extensions ['python_setup_py']
[0.163s] Level 1:colcon.colcon_core.package_identification:_identify(/home/nmnguyen/team13_proj2) by extension 'python_setup_py'
[0.163s] Level 1:colcon.colcon_core.package_identification:_identify(/home/nmnguyen/team13_proj2/log) by extensions ['ignore', 'ignore_ament_install']
[0.163s] Level 1:colcon.colcon_core.package_identification:_identify(/home/nmnguyen/team13_proj2/log) by extension 'ignore'
[0.163s] Level 1:colcon.colcon_core.package_identification:_identify(/home/nmnguyen/team13_proj2/log) ignored
[0.163s] Level 1:colcon.colcon_core.package_identification:_identify(/home/nmnguyen/team13_proj2/src) by extensions ['ignore', 'ignore_ament_install']
[0.163s] Level 1:colcon.colcon_core.package_identification:_identify(/home/nmnguyen/team13_proj2/src) by extension 'ignore'
[0.163s] Level 1:colcon.colcon_core.package_identification:_identify(/home/nmnguyen/team13_proj2/src) by extension 'ignore_ament_install'
[0.163s] Level 1:colcon.colcon_core.package_identification:_identify(/home/nmnguyen/team13_proj2/src) by extensions ['colcon_pkg']
[0.163s] Level 1:colcon.colcon_core.package_identification:_identify(/home/nmnguyen/team13_proj2/src) by extension 'colcon_pkg'
[0.163s] Level 1:colcon.colcon_core.package_identification:_identify(/home/nmnguyen/team13_proj2/src) by extensions ['colcon_meta']
[0.163s] Level 1:colcon.colcon_core.package_identification:_identify(/home/nmnguyen/team13_proj2/src) by extension 'colcon_meta'
[0.163s] Level 1:colcon.colcon_core.package_identification:_identify(/home/nmnguyen/team13_proj2/src) by extensions ['ros']
[0.163s] Level 1:colcon.colcon_core.package_identification:_identify(/home/nmnguyen/team13_proj2/src) by extension 'ros'
[0.164s] Level 1:colcon.colcon_core.package_identification:_identify(/home/nmnguyen/team13_proj2/src) by extensions ['cmake', 'python']
[0.164s] Level 1:colcon.colcon_core.package_identification:_identify(/home/nmnguyen/team13_proj2/src) by extension 'cmake'
[0.166s] Level 1:colcon.colcon_core.package_identification:_identify(/home/nmnguyen/team13_proj2/src) by extension 'python'
[0.166s] DEBUG:colcon.colcon_core.package_identification:Package '/home/nmnguyen/team13_proj2/src' with type 'cmake' and name 'Project'
[0.166s] Level 1:colcon.colcon_core.package_discovery:discover_packages(recursive) using defaults
